<?xml version="1.0" encoding="UTF-8"?>
<!-- Generated by org.testng.reporters.JUnitXMLReporter -->
<testsuite ignored="0" hostname="DESKTOP-6QCP0R9" failures="0" tests="10" name="Test" time="211.836" errors="0" timestamp="2023-08-16T14:37:08 IST">
  <testcase classname="Testlayer.Loginfunctionality" name="loginfunctest" time="0.799"/>
  <testcase classname="Testlayer.Addemp" name="addemptest" time="21.869"/>
  <testcase classname="Testlayer.Addemp" name="addemptest" time="22.127"/>
  <testcase classname="Testlayer.Addemp" name="addemptest" time="22.555"/>
  <testcase classname="Testlayer.Addemp" name="addemptest" time="21.597"/>
  <testcase classname="Testlayer.Addemp" name="addemptest" time="20.787"/>
  <testcase classname="Testlayer.Addemp" name="addemptest" time="21.3"/>
  <testcase classname="Testlayer.Addemp" name="addemptest" time="22.544"/>
  <testcase classname="Testlayer.Addemp" name="addemptest" time="21.551"/>
  <testcase classname="Testlayer.Addemp" name="addemptest" time="22.75"/>
</testsuite> <!-- Test -->
