<?xml version="1.0" encoding="UTF-8"?>
<testng-results ignored="0" total="10" passed="10" failed="0" skipped="0">
  <reporter-output>
  </reporter-output>
  <suite started-at="2023-08-16T14:33:36 IST" name="Suite" finished-at="2023-08-16T14:37:08 IST" duration-ms="211836">
    <groups>
    </groups>
    <test started-at="2023-08-16T14:33:36 IST" name="Test" finished-at="2023-08-16T14:37:08 IST" duration-ms="211836">
      <class name="Testlayer.Loginfunctionality">
        <test-method is-config="true" signature="setup()[pri:0, instance:Testlayer.Loginfunctionality@121314f7]" started-at="2023-08-16T14:33:36 IST" name="setup" finished-at="2023-08-16T14:33:48 IST" duration-ms="12527" status="PASS">
          <reporter-output>
          </reporter-output>
        </test-method> <!-- setup -->
        <test-method signature="loginfunctest()[pri:1, instance:Testlayer.Loginfunctionality@121314f7]" started-at="2023-08-16T14:33:48 IST" name="loginfunctest" finished-at="2023-08-16T14:33:49 IST" duration-ms="799" status="PASS">
          <reporter-output>
          </reporter-output>
        </test-method> <!-- loginfunctest -->
      </class> <!-- Testlayer.Loginfunctionality -->
      <class name="Testlayer.Addemp">
        <test-method signature="addemptest(java.lang.String,java.lang.String,java.lang.String,java.lang.String)[pri:2, instance:Testlayer.Addemp@a38c7fe]" started-at="2023-08-16T14:33:50 IST" name="addemptest" data-provider="getcontactdata" finished-at="2023-08-16T14:34:12 IST" duration-ms="21869" status="PASS">
          <params>
            <param index="0">
              <value>
                <![CDATA[fname]]>
              </value>
            </param>
            <param index="1">
              <value>
                <![CDATA[mname]]>
              </value>
            </param>
            <param index="2">
              <value>
                <![CDATA[lname]]>
              </value>
            </param>
            <param index="3">
              <value>
                <![CDATA[empid]]>
              </value>
            </param>
          </params>
          <reporter-output>
          </reporter-output>
        </test-method> <!-- addemptest -->
        <test-method signature="addemptest(java.lang.String,java.lang.String,java.lang.String,java.lang.String)[pri:2, instance:Testlayer.Addemp@a38c7fe]" started-at="2023-08-16T14:34:12 IST" name="addemptest" data-provider="getcontactdata" finished-at="2023-08-16T14:34:34 IST" duration-ms="22127" status="PASS">
          <params>
            <param index="0">
              <value>
                <![CDATA[preeti]]>
              </value>
            </param>
            <param index="1">
              <value>
                <![CDATA[bhanudas]]>
              </value>
            </param>
            <param index="2">
              <value>
                <![CDATA[patre]]>
              </value>
            </param>
            <param index="3">
              <value>
                <![CDATA[223]]>
              </value>
            </param>
          </params>
          <reporter-output>
          </reporter-output>
        </test-method> <!-- addemptest -->
        <test-method signature="addemptest(java.lang.String,java.lang.String,java.lang.String,java.lang.String)[pri:2, instance:Testlayer.Addemp@a38c7fe]" started-at="2023-08-16T14:34:34 IST" name="addemptest" data-provider="getcontactdata" finished-at="2023-08-16T14:34:57 IST" duration-ms="22555" status="PASS">
          <params>
            <param index="0">
              <value>
                <![CDATA[kaavya]]>
              </value>
            </param>
            <param index="1">
              <value>
                <![CDATA[yashpal]]>
              </value>
            </param>
            <param index="2">
              <value>
                <![CDATA[waghmare]]>
              </value>
            </param>
            <param index="3">
              <value>
                <![CDATA[224]]>
              </value>
            </param>
          </params>
          <reporter-output>
          </reporter-output>
        </test-method> <!-- addemptest -->
        <test-method signature="addemptest(java.lang.String,java.lang.String,java.lang.String,java.lang.String)[pri:2, instance:Testlayer.Addemp@a38c7fe]" started-at="2023-08-16T14:34:57 IST" name="addemptest" data-provider="getcontactdata" finished-at="2023-08-16T14:35:19 IST" duration-ms="21597" status="PASS">
          <params>
            <param index="0">
              <value>
                <![CDATA[Aarav]]>
              </value>
            </param>
            <param index="1">
              <value>
                <![CDATA[yashpal]]>
              </value>
            </param>
            <param index="2">
              <value>
                <![CDATA[waghmare]]>
              </value>
            </param>
            <param index="3">
              <value>
                <![CDATA[225]]>
              </value>
            </param>
          </params>
          <reporter-output>
          </reporter-output>
        </test-method> <!-- addemptest -->
        <test-method signature="addemptest(java.lang.String,java.lang.String,java.lang.String,java.lang.String)[pri:2, instance:Testlayer.Addemp@a38c7fe]" started-at="2023-08-16T14:35:19 IST" name="addemptest" data-provider="getcontactdata" finished-at="2023-08-16T14:35:39 IST" duration-ms="20787" status="PASS">
          <params>
            <param index="0">
              <value>
                <![CDATA[sakshi]]>
              </value>
            </param>
            <param index="1">
              <value>
                <![CDATA[arun]]>
              </value>
            </param>
            <param index="2">
              <value>
                <![CDATA[jogdand]]>
              </value>
            </param>
            <param index="3">
              <value>
                <![CDATA[226]]>
              </value>
            </param>
          </params>
          <reporter-output>
          </reporter-output>
        </test-method> <!-- addemptest -->
        <test-method signature="addemptest(java.lang.String,java.lang.String,java.lang.String,java.lang.String)[pri:2, instance:Testlayer.Addemp@a38c7fe]" started-at="2023-08-16T14:35:39 IST" name="addemptest" data-provider="getcontactdata" finished-at="2023-08-16T14:36:01 IST" duration-ms="21300" status="PASS">
          <params>
            <param index="0">
              <value>
                <![CDATA[pradeep]]>
              </value>
            </param>
            <param index="1">
              <value>
                <![CDATA[arun]]>
              </value>
            </param>
            <param index="2">
              <value>
                <![CDATA[jogdanad]]>
              </value>
            </param>
            <param index="3">
              <value>
                <![CDATA[227]]>
              </value>
            </param>
          </params>
          <reporter-output>
          </reporter-output>
        </test-method> <!-- addemptest -->
        <test-method signature="addemptest(java.lang.String,java.lang.String,java.lang.String,java.lang.String)[pri:2, instance:Testlayer.Addemp@a38c7fe]" started-at="2023-08-16T14:36:01 IST" name="addemptest" data-provider="getcontactdata" finished-at="2023-08-16T14:36:23 IST" duration-ms="22544" status="PASS">
          <params>
            <param index="0">
              <value>
                <![CDATA[priya]]>
              </value>
            </param>
            <param index="1">
              <value>
                <![CDATA[bhanudas]]>
              </value>
            </param>
            <param index="2">
              <value>
                <![CDATA[patre]]>
              </value>
            </param>
            <param index="3">
              <value>
                <![CDATA[360]]>
              </value>
            </param>
          </params>
          <reporter-output>
          </reporter-output>
        </test-method> <!-- addemptest -->
        <test-method signature="addemptest(java.lang.String,java.lang.String,java.lang.String,java.lang.String)[pri:2, instance:Testlayer.Addemp@a38c7fe]" started-at="2023-08-16T14:36:23 IST" name="addemptest" data-provider="getcontactdata" finished-at="2023-08-16T14:36:45 IST" duration-ms="21551" status="PASS">
          <params>
            <param index="0">
              <value>
                <![CDATA[vijay]]>
              </value>
            </param>
            <param index="1">
              <value>
                <![CDATA[bhanudas]]>
              </value>
            </param>
            <param index="2">
              <value>
                <![CDATA[patre]]>
              </value>
            </param>
            <param index="3">
              <value>
                <![CDATA[693]]>
              </value>
            </param>
          </params>
          <reporter-output>
          </reporter-output>
        </test-method> <!-- addemptest -->
        <test-method signature="addemptest(java.lang.String,java.lang.String,java.lang.String,java.lang.String)[pri:2, instance:Testlayer.Addemp@a38c7fe]" started-at="2023-08-16T14:36:45 IST" name="addemptest" data-provider="getcontactdata" finished-at="2023-08-16T14:37:08 IST" duration-ms="22750" status="PASS">
          <params>
            <param index="0">
              <value>
                <![CDATA[rajani]]>
              </value>
            </param>
            <param index="1">
              <value>
                <![CDATA[arun]]>
              </value>
            </param>
            <param index="2">
              <value>
                <![CDATA[jogdand]]>
              </value>
            </param>
            <param index="3">
              <value>
                <![CDATA[965]]>
              </value>
            </param>
          </params>
          <reporter-output>
          </reporter-output>
        </test-method> <!-- addemptest -->
      </class> <!-- Testlayer.Addemp -->
    </test> <!-- Test -->
  </suite> <!-- Suite -->
</testng-results>
